#
# A fatal error has been detected by the Java Runtime Environment:
#
#  SIGSEGV (0xb) at pc=0x00007fff6ee8ba71, pid=85821, tid=775
#
# JRE version: OpenJDK Runtime Environment Corretto-15.0.2.7.1 (15.0.2+7) (build 15.0.2+7)
# Java VM: OpenJDK 64-Bit Server VM Corretto-15.0.2.7.1 (15.0.2+7, mixed mode, sharing, tiered, compressed oops, g1 gc, bsd-amd64)
# Problematic frame:
# C  [libsystem_platform.dylib+0xa71]  _platform_memmove$VARIANT$Haswell+0x171
#
# No core dump will be written. Core dumps have been disabled. To enable core dumping, try "ulimit -c unlimited" before starting Java again
#
# If you would like to submit a bug report, please visit:
#   https://github.com/corretto/corretto-jdk/issues/
# The crash happened outside the Java Virtual Machine in native code.
# See problematic frame for where to report the bug.
#

---------------  S U M M A R Y ------------

Command Line: -ea -javaagent:/Applications/IntelliJ IDEA CE.app/Contents/lib/idea_rt.jar=60142:/Applications/IntelliJ IDEA CE.app/Contents/bin -Dfile.encoding=UTF-8 Main -XstartOnFirstThread

Host: MacBookPro14,1 x86_64 2300 MHz, 4 cores, 8G, Darwin 19.6.0
Time: Fri Mar  4 14:35:50 2022 EST elapsed time: 1.979292 seconds (0d 0h 0m 1s)

---------------  T H R E A D  ---------------

Current thread (0x00007fdf50009a00):  JavaThread "main" [_thread_in_native, id=775, stack(0x00007ffee5430000,0x00007ffee5c30000)]

Stack: [0x00007ffee5430000,0x00007ffee5c30000],  sp=0x00007ffee5c2c020,  free space=8176k
Native frames: (J=compiled Java code, A=aot compiled Java code, j=interpreted, Vv=VM code, C=native code)
C  [libsystem_platform.dylib+0xa71]  _platform_memmove$VARIANT$Haswell+0x171
C  [AppleIntelKBLGraphicsGLDriver+0x1ddf6]  glrWriteTextureData+0x1767
C  [GLEngine+0x18fdc]  glTexImage2D_Exec+0x524
C  [libGL.dylib+0x31bd]  glTexImage2D+0x37
C  [liblwjgl_opengl.dylib+0xb22e]
[error occurred during error reporting (printing native stack), id 0xe0000000, Internal Error (src/hotspot/os/bsd/decoder_machO.hpp:43)]

Java frames: (J=compiled Java code, j=interpreted, Vv=VM code)
j  org.lwjgl.opengl.GL11C.nglTexImage2D(IIIIIIIIJ)V+0
j  org.lwjgl.opengl.GL11C.glTexImage2D(IIIIIIIILjava/nio/ByteBuffer;)V+17
j  org.lwjgl.opengl.GL11.glTexImage2D(IIIIIIIILjava/nio/ByteBuffer;)V+14
j  renderer.Texture.<init>(Ljava/lang/String;)V+132
j  jade.LevelEditorScene.init()V+45
j  jade.Window.changeScene(I)V+41
j  jade.Window.init()V+174
j  jade.Window.run()V+15
j  Main.main([Ljava/lang/String;)V+5
v  ~StubRoutines::call_stub

siginfo: si_signo: 11 (SIGSEGV), si_code: 1 (SEGV_MAPERR), si_addr: 0x00007fdf543d6000

Register to memory mapping:

RAX=0x000000013347f000 points into unknown readable memory: 0x00000000000000ff | ff 00 00 00 00 00 00 00
RBX=0x00007fdf543d5000 points into unknown readable memory: 0x00000000000000ff | ff 00 00 00 00 00 00 00
RCX=0x0000000000000020 is an unknown value
RDX=0x0000000000000de0 is an unknown value
RSP=0x00007ffee5c2c020 is pointing into the stack for thread: 0x00007fdf50009a00
RBP=0x00007ffee5c2c020 is pointing into the stack for thread: 0x00007fdf50009a00
RSI=0x00007fdf543d5fe0 points into unknown readable memory: 0x0000000000000000 | 00 00 00 00 00 00 00 00
RDI=0x000000013347ffe0 points into unknown readable memory: 0x0000000000000000 | 00 00 00 00 00 00 00 00
R8 =0x0000000000000004 is an unknown value
R9 =0x00007ffee5c2c1e0 is pointing into the stack for thread: 0x00007fdf50009a00
R10=0x0000000000000003 is an unknown value
R11=0xffff8021df0aa000 is an unknown value
R12=0x0000000000001e00 is an unknown value
R13=0x0000000000001e00 is an unknown value
R14=0x00000000000001e0 is an unknown value
R15=0x000000013347f000 points into unknown readable memory: 0x00000000000000ff | ff 00 00 00 00 00 00 00


Registers:
RAX=0x000000013347f000, RBX=0x00007fdf543d5000, RCX=0x0000000000000020, RDX=0x0000000000000de0
RSP=0x00007ffee5c2c020, RBP=0x00007ffee5c2c020, RSI=0x00007fdf543d5fe0, RDI=0x000000013347ffe0
R8 =0x0000000000000004, R9 =0x00007ffee5c2c1e0, R10=0x0000000000000003, R11=0xffff8021df0aa000
R12=0x0000000000001e00, R13=0x0000000000001e00, R14=0x00000000000001e0, R15=0x000000013347f000
RIP=0x00007fff6ee8ba71, EFLAGS=0x0000000000010202, ERR=0x0000000000000004
  TRAPNO=0x000000000000000e

Top of Stack: (sp=0x00007ffee5c2c020)
0x00007ffee5c2c020:   00007ffee5c2c340 00007fff2c5bcdf6
0x00007ffee5c2c030:   00007ffee5c2c094 00007fdf524a76fc
0x00007ffee5c2c040:   0000000000000003 0000000000000780
0x00007ffee5c2c050:   0000000000000000 0000000400000001
0x00007ffee5c2c060:   0000000000000000 0000001600000004
0x00007ffee5c2c070:   0000000000000001 00007fff7fffffff
0x00007ffee5c2c080:   000000004fab2600 00007fdf00000000
0x00007ffee5c2c090:   0000000000000001 00007fdf521ae098
0x00007ffee5c2c0a0:   0000000000001e00 0000000000001e00
0x00007ffee5c2c0b0:   00007fdf4fab2675 00007fdf4fab2676
0x00007ffee5c2c0c0:   0000000000000001 00007fdf4fab2710
0x00007ffee5c2c0d0:   00007fdf4fab2640 00007fdf4fab2600
0x00007ffee5c2c0e0:   00007ffee5c2c2f0 00007fff2c5b7437
0x00007ffee5c2c0f0:   0000000000000000 0000000000000000
0x00007ffee5c2c100:   0000000000000000 0000000000000000
0x00007ffee5c2c110:   0000000000000000 0000000000000000
0x00007ffee5c2c120:   0000000000000000 00000001000000c7
0x00007ffee5c2c130:   0000000000000000 0000000000000000
0x00007ffee5c2c140:   0000000000000000 0000000100000000
0x00007ffee5c2c150:   0000000100000000 0000000000000000
0x00007ffee5c2c160:   0000000000000000 0000000000000000
0x00007ffee5c2c170:   00000001000000c7 0000000000000000
0x00007ffee5c2c180:   0000000000000000 0000000000000000
0x00007ffee5c2c190:   0000000000000000 0000000000000000
0x00007ffee5c2c1a0:   0000078000001e00 0000000000000000
0x00007ffee5c2c1b0:   000003c000000000 00000004000003c0
0x00007ffee5c2c1c0:   0000000000000000 0000000000000000
0x00007ffee5c2c1d0:   0000000000000000 0000000000000000
0x00007ffee5c2c1e0:   00007fff00000004 0000078000000780
0x00007ffee5c2c1f0:   0000000000000780 0000000000000000
0x00007ffee5c2c200:   0000000000000000 0000000000000780
0x00007ffee5c2c210:   0000000400000000 0000000000000000 

Instructions: (pc=0x00007fff6ee8ba71)
0x00007fff6ee8b971:   10 06 c5 fc 11 07 48 83 c6 20 48 83 c7 20 48 83
0x00007fff6ee8b981:   ea 20 48 83 c2 10 7e 0c c5 f8 10 06 c5 f8 11 07
0x00007fff6ee8b991:   c5 f8 57 c0 c5 f8 11 0c 17 c5 f0 57 c9 5d c5 f8
0x00007fff6ee8b9a1:   77 c3 48 83 ea 08 72 10 48 8b 0e 4c 8b 04 16 48
0x00007fff6ee8b9b1:   89 0f 4c 89 04 17 5d c3 48 83 c2 08 74 25 4d 31
0x00007fff6ee8b9c1:   c0 42 8a 0c 06 42 88 0c 07 48 83 ea 01 74 14 42
0x00007fff6ee8b9d1:   8a 4c 06 01 42 88 4c 07 01 49 83 c0 02 48 83 ea
0x00007fff6ee8b9e1:   01 75 de 5d c3 66 2e 0f 1f 84 00 00 00 00 00 c5
0x00007fff6ee8b9f1:   fc 10 06 48 83 c7 20 48 83 e7 e0 48 89 f9 48 29
0x00007fff6ee8ba01:   c1 48 01 ce 48 29 ca c5 fc 10 0e c5 fc 11 00 c5
0x00007fff6ee8ba11:   fc 57 c0 c5 fc 10 56 20 48 83 c6 40 48 81 ea 80
0x00007fff6ee8ba21:   00 00 00 76 5a 48 f7 c6 1f 00 00 00 74 31 c5 fc
0x00007fff6ee8ba31:   29 0f c5 fc 29 57 20 48 83 c7 40 c5 fc 10 0e c5
0x00007fff6ee8ba41:   fc 10 56 20 48 83 c6 40 48 83 ea 40 77 e0 eb 2f
0x00007fff6ee8ba51:   66 2e 0f 1f 84 00 00 00 00 00 0f 1f 44 00 00 c5
0x00007fff6ee8ba61:   fc 29 0f c5 fc 29 57 20 48 83 c7 40 c5 fc 28 0e
0x00007fff6ee8ba71:   c5 fc 28 56 20 48 83 c6 40 48 83 ea 40 77 e0 c5
0x00007fff6ee8ba81:   fc 10 1c 16 c5 fc 10 64 16 20 c5 fc 29 0f c5 f4
0x00007fff6ee8ba91:   57 c9 c5 fc 29 57 20 c5 ec 57 d2 c5 fc 11 5c 17
0x00007fff6ee8baa1:   40 c5 e4 57 db c5 fc 11 64 17 60 c5 dc 57 e4 5d
0x00007fff6ee8bab1:   c5 f8 77 c3 66 2e 0f 1f 84 00 00 00 00 00 90 48
0x00007fff6ee8bac1:   83 ee 08 48 8b 0e 48 83 ef 08 48 89 0f 48 83 ea
0x00007fff6ee8bad1:   08 73 ec 48 83 c2 08 74 12 48 83 ee 01 8a 0e 48
0x00007fff6ee8bae1:   83 ef 01 88 0f 48 83 ea 01 75 ee 5d c3 66 90 c5
0x00007fff6ee8baf1:   fc 10 46 e0 49 89 fb 48 83 ef 01 48 83 e7 e0 4c
0x00007fff6ee8bb01:   89 d9 48 29 f9 48 29 ce 48 29 ca c5 fc 10 4e e0
0x00007fff6ee8bb11:   c4 c1 7c 11 43 e0 c5 fc 10 56 c0 48 83 ee 40 c5
0x00007fff6ee8bb21:   fc 57 c0 48 81 ea 80 00 00 00 76 55 48 f7 c6 1f
0x00007fff6ee8bb31:   00 00 00 74 2a c5 fc 29 4f e0 c5 fc 29 57 c0 48
0x00007fff6ee8bb41:   83 ef 40 c5 fc 10 4e e0 c5 fc 10 56 c0 48 83 ee
0x00007fff6ee8bb51:   40 48 83 ea 40 77 de eb 28 66 0f 1f 44 00 00 c5
0x00007fff6ee8bb61:   fc 29 4f e0 c5 fc 29 57 c0 48 83 ef 40 c5 fc 28 


Stack slot to memory mapping:
stack at sp + 0 slots: 0x00007ffee5c2c340 is pointing into the stack for thread: 0x00007fdf50009a00
stack at sp + 1 slots: 0x00007fff2c5bcdf6: glrWriteTextureData+0x1767 in /System/Library/Extensions/AppleIntelKBLGraphicsGLDriver.bundle/Contents/MacOS/AppleIntelKBLGraphicsGLDriver at 0x00007fff2c59f000
stack at sp + 2 slots: 0x00007ffee5c2c094 is pointing into the stack for thread: 0x00007fdf50009a00
stack at sp + 3 slots: 0x00007fdf524a76fc points into unknown readable memory: 00 00 00 00
stack at sp + 4 slots: 0x0000000000000003 is an unknown value
stack at sp + 5 slots: 0x0000000000000780 is an unknown value
stack at sp + 6 slots: 0x0 is NULL
stack at sp + 7 slots: 0x0000000400000001 is an unknown value


---------------  P R O C E S S  ---------------

Threads class SMR info:
_java_thread_list=0x00007fdf4f572950, length=12, elements={
0x00007fdf50009a00, 0x00007fdf50034800, 0x00007fdf4f80d200, 0x00007fdf50815800,
0x00007fdf4f80d800, 0x00007fdf50034e00, 0x00007fdf4f80f200, 0x00007fdf4f80f800,
0x00007fdf50897600, 0x00007fdf4f811600, 0x00007fdf51015000, 0x00007fdf4f9fa200
}

Java Threads: ( => current thread )
=>0x00007fdf50009a00 JavaThread "main" [_thread_in_native, id=775, stack(0x00007ffee5430000,0x00007ffee5c30000)]
  0x00007fdf50034800 JavaThread "Reference Handler" daemon [_thread_blocked, id=17411, stack(0x0000700010200000,0x0000700010300000)]
  0x00007fdf4f80d200 JavaThread "Finalizer" daemon [_thread_blocked, id=15107, stack(0x0000700010303000,0x0000700010403000)]
  0x00007fdf50815800 JavaThread "Signal Dispatcher" daemon [_thread_blocked, id=22787, stack(0x000070001050c000,0x000070001060c000)]
  0x00007fdf4f80d800 JavaThread "Service Thread" daemon [_thread_blocked, id=23299, stack(0x000070001060f000,0x000070001070f000)]
  0x00007fdf50034e00 JavaThread "C2 CompilerThread0" daemon [_thread_blocked, id=23811, stack(0x0000700010712000,0x0000700010812000)]
  0x00007fdf4f80f200 JavaThread "C1 CompilerThread0" daemon [_thread_blocked, id=24323, stack(0x0000700010815000,0x0000700010915000)]
  0x00007fdf4f80f800 JavaThread "Sweeper thread" daemon [_thread_blocked, id=24835, stack(0x0000700010918000,0x0000700010a18000)]
  0x00007fdf50897600 JavaThread "Common-Cleaner" daemon [_thread_blocked, id=25347, stack(0x0000700010a1b000,0x0000700010b1b000)]
  0x00007fdf4f811600 JavaThread "Monitor Ctrl-Break" daemon [_thread_in_native, id=26115, stack(0x0000700010b1e000,0x0000700010c1e000)]
  0x00007fdf51015000 JavaThread "Notification Thread" daemon [_thread_blocked, id=39939, stack(0x0000700010c21000,0x0000700010d21000)]
  0x00007fdf4f9fa200 JavaThread "Attach Listener" daemon [_thread_blocked, id=45571, stack(0x0000700010e27000,0x0000700010f27000)]

Other Threads:
  0x00007fdf4f4149c0 VMThread "VM Thread" [stack: 0x00007000100fd000,0x00007000101fd000] [id=13315]
  0x00007fdf4f71c060 WatcherThread [stack: 0x0000700010d24000,0x0000700010e24000] [id=26883]
  0x00007fdf4f60f7b0 GCTaskThread "GC Thread#0" [stack: 0x000070000fbee000,0x000070000fcee000] [id=19971]
  0x00007fdf4f610930 ConcurrentGCThread "G1 Main Marker" [stack: 0x000070000fcf1000,0x000070000fdf1000] [id=12291]
  0x00007fdf4f508b30 ConcurrentGCThread "G1 Conc#0" [stack: 0x000070000fdf4000,0x000070000fef4000] [id=12547]
  0x00007fdf4f62b1c0 ConcurrentGCThread "G1 Refine#0" [stack: 0x000070000fef7000,0x000070000fff7000] [id=18691]
  0x00007fdf4f62c270 ConcurrentGCThread "G1 Young RemSet Sampling" [stack: 0x000070000fffa000,0x00007000100fa000] [id=18179]

Threads with active compile tasks:

VM state: not at safepoint (normal execution)

VM Mutex/Monitor currently owned by a thread: None

Heap address: 0x0000000780000000, size: 2048 MB, Compressed Oops mode: Zero based, Oop shift amount: 3
CDS archive(s) mapped at: [0x0000000800000000-0x0000000800b2f000-0x0000000800b2f000), size 11726848, SharedBaseAddress: 0x0000000800000000, ArchiveRelocationMode: 0.
Compressed class space mapped at: 0x0000000800b30000-0x0000000840b30000, size: 1073741824
Narrow klass base: 0x0000000800000000, Narrow klass shift: 3, Narrow klass range: 0x100000000

GC Precious Log:
 CPUs: 4 total, 4 available
 Memory: 8192M
 Large Page Support: Disabled
 NUMA Support: Disabled
 Compressed Oops: Enabled (Zero based)
 Heap Region Size: 1M
 Heap Min Capacity: 8M
 Heap Initial Capacity: 128M
 Heap Max Capacity: 2G
 Pre-touch: Disabled
 Parallel Workers: 4
 Concurrent Workers: 1
 Concurrent Refinement Workers: 4
 Periodic GC: Disabled

Heap:
 garbage-first heap   total 133120K, used 12072K [0x0000000780000000, 0x0000000800000000)
  region size 1024K, 12 young (12288K), 0 survivors (0K)
 Metaspace       used 5115K, capacity 7606K, committed 7808K, reserved 1056768K
  class space    used 312K, capacity 555K, committed 640K, reserved 1048576K

Heap Regions: E=young(eden), S=young(survivor), O=old, HS=humongous(starts), HC=humongous(continues), CS=collection set, F=free, OA=open archive, CA=closed archive, TAMS=top-at-mark-start (previous, next)
|   0|0x0000000780000000, 0x0000000780000000, 0x0000000780100000|  0%| F|  |TAMS 0x0000000780000000, 0x0000000780000000| Untracked 
|   1|0x0000000780100000, 0x0000000780100000, 0x0000000780200000|  0%| F|  |TAMS 0x0000000780100000, 0x0000000780100000| Untracked 
|   2|0x0000000780200000, 0x0000000780200000, 0x0000000780300000|  0%| F|  |TAMS 0x0000000780200000, 0x0000000780200000| Untracked 
|   3|0x0000000780300000, 0x0000000780300000, 0x0000000780400000|  0%| F|  |TAMS 0x0000000780300000, 0x0000000780300000| Untracked 
|   4|0x0000000780400000, 0x0000000780400000, 0x0000000780500000|  0%| F|  |TAMS 0x0000000780400000, 0x0000000780400000| Untracked 
|   5|0x0000000780500000, 0x0000000780500000, 0x0000000780600000|  0%| F|  |TAMS 0x0000000780500000, 0x0000000780500000| Untracked 
|   6|0x0000000780600000, 0x0000000780600000, 0x0000000780700000|  0%| F|  |TAMS 0x0000000780600000, 0x0000000780600000| Untracked 
|   7|0x0000000780700000, 0x0000000780700000, 0x0000000780800000|  0%| F|  |TAMS 0x0000000780700000, 0x0000000780700000| Untracked 
|   8|0x0000000780800000, 0x0000000780800000, 0x0000000780900000|  0%| F|  |TAMS 0x0000000780800000, 0x0000000780800000| Untracked 
|   9|0x0000000780900000, 0x0000000780900000, 0x0000000780a00000|  0%| F|  |TAMS 0x0000000780900000, 0x0000000780900000| Untracked 
|  10|0x0000000780a00000, 0x0000000780a00000, 0x0000000780b00000|  0%| F|  |TAMS 0x0000000780a00000, 0x0000000780a00000| Untracked 
|  11|0x0000000780b00000, 0x0000000780b00000, 0x0000000780c00000|  0%| F|  |TAMS 0x0000000780b00000, 0x0000000780b00000| Untracked 
|  12|0x0000000780c00000, 0x0000000780c00000, 0x0000000780d00000|  0%| F|  |TAMS 0x0000000780c00000, 0x0000000780c00000| Untracked 
|  13|0x0000000780d00000, 0x0000000780d00000, 0x0000000780e00000|  0%| F|  |TAMS 0x0000000780d00000, 0x0000000780d00000| Untracked 
|  14|0x0000000780e00000, 0x0000000780e00000, 0x0000000780f00000|  0%| F|  |TAMS 0x0000000780e00000, 0x0000000780e00000| Untracked 
|  15|0x0000000780f00000, 0x0000000780f00000, 0x0000000781000000|  0%| F|  |TAMS 0x0000000780f00000, 0x0000000780f00000| Untracked 
|  16|0x0000000781000000, 0x0000000781000000, 0x0000000781100000|  0%| F|  |TAMS 0x0000000781000000, 0x0000000781000000| Untracked 
|  17|0x0000000781100000, 0x0000000781100000, 0x0000000781200000|  0%| F|  |TAMS 0x0000000781100000, 0x0000000781100000| Untracked 
|  18|0x0000000781200000, 0x0000000781200000, 0x0000000781300000|  0%| F|  |TAMS 0x0000000781200000, 0x0000000781200000| Untracked 
|  19|0x0000000781300000, 0x0000000781300000, 0x0000000781400000|  0%| F|  |TAMS 0x0000000781300000, 0x0000000781300000| Untracked 
|  20|0x0000000781400000, 0x0000000781400000, 0x0000000781500000|  0%| F|  |TAMS 0x0000000781400000, 0x0000000781400000| Untracked 
|  21|0x0000000781500000, 0x0000000781500000, 0x0000000781600000|  0%| F|  |TAMS 0x0000000781500000, 0x0000000781500000| Untracked 
|  22|0x0000000781600000, 0x0000000781600000, 0x0000000781700000|  0%| F|  |TAMS 0x0000000781600000, 0x0000000781600000| Untracked 
|  23|0x0000000781700000, 0x0000000781700000, 0x0000000781800000|  0%| F|  |TAMS 0x0000000781700000, 0x0000000781700000| Untracked 
|  24|0x0000000781800000, 0x0000000781800000, 0x0000000781900000|  0%| F|  |TAMS 0x0000000781800000, 0x0000000781800000| Untracked 
|  25|0x0000000781900000, 0x0000000781900000, 0x0000000781a00000|  0%| F|  |TAMS 0x0000000781900000, 0x0000000781900000| Untracked 
|  26|0x0000000781a00000, 0x0000000781a00000, 0x0000000781b00000|  0%| F|  |TAMS 0x0000000781a00000, 0x0000000781a00000| Untracked 
|  27|0x0000000781b00000, 0x0000000781b00000, 0x0000000781c00000|  0%| F|  |TAMS 0x0000000781b00000, 0x0000000781b00000| Untracked 
|  28|0x0000000781c00000, 0x0000000781c00000, 0x0000000781d00000|  0%| F|  |TAMS 0x0000000781c00000, 0x0000000781c00000| Untracked 
|  29|0x0000000781d00000, 0x0000000781d00000, 0x0000000781e00000|  0%| F|  |TAMS 0x0000000781d00000, 0x0000000781d00000| Untracked 
|  30|0x0000000781e00000, 0x0000000781e00000, 0x0000000781f00000|  0%| F|  |TAMS 0x0000000781e00000, 0x0000000781e00000| Untracked 
|  31|0x0000000781f00000, 0x0000000781f00000, 0x0000000782000000|  0%| F|  |TAMS 0x0000000781f00000, 0x0000000781f00000| Untracked 
|  32|0x0000000782000000, 0x0000000782000000, 0x0000000782100000|  0%| F|  |TAMS 0x0000000782000000, 0x0000000782000000| Untracked 
|  33|0x0000000782100000, 0x0000000782100000, 0x0000000782200000|  0%| F|  |TAMS 0x0000000782100000, 0x0000000782100000| Untracked 
|  34|0x0000000782200000, 0x0000000782200000, 0x0000000782300000|  0%| F|  |TAMS 0x0000000782200000, 0x0000000782200000| Untracked 
|  35|0x0000000782300000, 0x0000000782300000, 0x0000000782400000|  0%| F|  |TAMS 0x0000000782300000, 0x0000000782300000| Untracked 
|  36|0x0000000782400000, 0x0000000782400000, 0x0000000782500000|  0%| F|  |TAMS 0x0000000782400000, 0x0000000782400000| Untracked 
|  37|0x0000000782500000, 0x0000000782500000, 0x0000000782600000|  0%| F|  |TAMS 0x0000000782500000, 0x0000000782500000| Untracked 
|  38|0x0000000782600000, 0x0000000782600000, 0x0000000782700000|  0%| F|  |TAMS 0x0000000782600000, 0x0000000782600000| Untracked 
|  39|0x0000000782700000, 0x0000000782700000, 0x0000000782800000|  0%| F|  |TAMS 0x0000000782700000, 0x0000000782700000| Untracked 
|  40|0x0000000782800000, 0x0000000782800000, 0x0000000782900000|  0%| F|  |TAMS 0x0000000782800000, 0x0000000782800000| Untracked 
|  41|0x0000000782900000, 0x0000000782900000, 0x0000000782a00000|  0%| F|  |TAMS 0x0000000782900000, 0x0000000782900000| Untracked 
|  42|0x0000000782a00000, 0x0000000782a00000, 0x0000000782b00000|  0%| F|  |TAMS 0x0000000782a00000, 0x0000000782a00000| Untracked 
|  43|0x0000000782b00000, 0x0000000782b00000, 0x0000000782c00000|  0%| F|  |TAMS 0x0000000782b00000, 0x0000000782b00000| Untracked 
|  44|0x0000000782c00000, 0x0000000782c00000, 0x0000000782d00000|  0%| F|  |TAMS 0x0000000782c00000, 0x0000000782c00000| Untracked 
|  45|0x0000000782d00000, 0x0000000782d00000, 0x0000000782e00000|  0%| F|  |TAMS 0x0000000782d00000, 0x0000000782d00000| Untracked 
|  46|0x0000000782e00000, 0x0000000782e00000, 0x0000000782f00000|  0%| F|  |TAMS 0x0000000782e00000, 0x0000000782e00000| Untracked 
|  47|0x0000000782f00000, 0x0000000782f00000, 0x0000000783000000|  0%| F|  |TAMS 0x0000000782f00000, 0x0000000782f00000| Untracked 
|  48|0x0000000783000000, 0x0000000783000000, 0x0000000783100000|  0%| F|  |TAMS 0x0000000783000000, 0x0000000783000000| Untracked 
|  49|0x0000000783100000, 0x0000000783100000, 0x0000000783200000|  0%| F|  |TAMS 0x0000000783100000, 0x0000000783100000| Untracked 
|  50|0x0000000783200000, 0x0000000783200000, 0x0000000783300000|  0%| F|  |TAMS 0x0000000783200000, 0x0000000783200000| Untracked 
|  51|0x0000000783300000, 0x0000000783300000, 0x0000000783400000|  0%| F|  |TAMS 0x0000000783300000, 0x0000000783300000| Untracked 
|  52|0x0000000783400000, 0x0000000783400000, 0x0000000783500000|  0%| F|  |TAMS 0x0000000783400000, 0x0000000783400000| Untracked 
|  53|0x0000000783500000, 0x0000000783500000, 0x0000000783600000|  0%| F|  |TAMS 0x0000000783500000, 0x0000000783500000| Untracked 
|  54|0x0000000783600000, 0x0000000783600000, 0x0000000783700000|  0%| F|  |TAMS 0x0000000783600000, 0x0000000783600000| Untracked 
|  55|0x0000000783700000, 0x0000000783700000, 0x0000000783800000|  0%| F|  |TAMS 0x0000000783700000, 0x0000000783700000| Untracked 
|  56|0x0000000783800000, 0x0000000783800000, 0x0000000783900000|  0%| F|  |TAMS 0x0000000783800000, 0x0000000783800000| Untracked 
|  57|0x0000000783900000, 0x0000000783900000, 0x0000000783a00000|  0%| F|  |TAMS 0x0000000783900000, 0x0000000783900000| Untracked 
|  58|0x0000000783a00000, 0x0000000783a00000, 0x0000000783b00000|  0%| F|  |TAMS 0x0000000783a00000, 0x0000000783a00000| Untracked 
|  59|0x0000000783b00000, 0x0000000783b00000, 0x0000000783c00000|  0%| F|  |TAMS 0x0000000783b00000, 0x0000000783b00000| Untracked 
|  60|0x0000000783c00000, 0x0000000783c00000, 0x0000000783d00000|  0%| F|  |TAMS 0x0000000783c00000, 0x0000000783c00000| Untracked 
|  61|0x0000000783d00000, 0x0000000783d00000, 0x0000000783e00000|  0%| F|  |TAMS 0x0000000783d00000, 0x0000000783d00000| Untracked 
|  62|0x0000000783e00000, 0x0000000783e00000, 0x0000000783f00000|  0%| F|  |TAMS 0x0000000783e00000, 0x0000000783e00000| Untracked 
|  63|0x0000000783f00000, 0x0000000783f00000, 0x0000000784000000|  0%| F|  |TAMS 0x0000000783f00000, 0x0000000783f00000| Untracked 
|  64|0x0000000784000000, 0x0000000784000000, 0x0000000784100000|  0%| F|  |TAMS 0x0000000784000000, 0x0000000784000000| Untracked 
|  65|0x0000000784100000, 0x0000000784100000, 0x0000000784200000|  0%| F|  |TAMS 0x0000000784100000, 0x0000000784100000| Untracked 
|  66|0x0000000784200000, 0x0000000784200000, 0x0000000784300000|  0%| F|  |TAMS 0x0000000784200000, 0x0000000784200000| Untracked 
|  67|0x0000000784300000, 0x0000000784300000, 0x0000000784400000|  0%| F|  |TAMS 0x0000000784300000, 0x0000000784300000| Untracked 
|  68|0x0000000784400000, 0x0000000784400000, 0x0000000784500000|  0%| F|  |TAMS 0x0000000784400000, 0x0000000784400000| Untracked 
|  69|0x0000000784500000, 0x0000000784500000, 0x0000000784600000|  0%| F|  |TAMS 0x0000000784500000, 0x0000000784500000| Untracked 
|  70|0x0000000784600000, 0x0000000784600000, 0x0000000784700000|  0%| F|  |TAMS 0x0000000784600000, 0x0000000784600000| Untracked 
|  71|0x0000000784700000, 0x0000000784700000, 0x0000000784800000|  0%| F|  |TAMS 0x0000000784700000, 0x0000000784700000| Untracked 
|  72|0x0000000784800000, 0x0000000784800000, 0x0000000784900000|  0%| F|  |TAMS 0x0000000784800000, 0x0000000784800000| Untracked 
|  73|0x0000000784900000, 0x0000000784900000, 0x0000000784a00000|  0%| F|  |TAMS 0x0000000784900000, 0x0000000784900000| Untracked 
|  74|0x0000000784a00000, 0x0000000784a00000, 0x0000000784b00000|  0%| F|  |TAMS 0x0000000784a00000, 0x0000000784a00000| Untracked 
|  75|0x0000000784b00000, 0x0000000784b00000, 0x0000000784c00000|  0%| F|  |TAMS 0x0000000784b00000, 0x0000000784b00000| Untracked 
|  76|0x0000000784c00000, 0x0000000784c00000, 0x0000000784d00000|  0%| F|  |TAMS 0x0000000784c00000, 0x0000000784c00000| Untracked 
|  77|0x0000000784d00000, 0x0000000784d00000, 0x0000000784e00000|  0%| F|  |TAMS 0x0000000784d00000, 0x0000000784d00000| Untracked 
|  78|0x0000000784e00000, 0x0000000784e00000, 0x0000000784f00000|  0%| F|  |TAMS 0x0000000784e00000, 0x0000000784e00000| Untracked 
|  79|0x0000000784f00000, 0x0000000784f00000, 0x0000000785000000|  0%| F|  |TAMS 0x0000000784f00000, 0x0000000784f00000| Untracked 
|  80|0x0000000785000000, 0x0000000785000000, 0x0000000785100000|  0%| F|  |TAMS 0x0000000785000000, 0x0000000785000000| Untracked 
|  81|0x0000000785100000, 0x0000000785100000, 0x0000000785200000|  0%| F|  |TAMS 0x0000000785100000, 0x0000000785100000| Untracked 
|  82|0x0000000785200000, 0x0000000785200000, 0x0000000785300000|  0%| F|  |TAMS 0x0000000785200000, 0x0000000785200000| Untracked 
|  83|0x0000000785300000, 0x0000000785300000, 0x0000000785400000|  0%| F|  |TAMS 0x0000000785300000, 0x0000000785300000| Untracked 
|  84|0x0000000785400000, 0x0000000785400000, 0x0000000785500000|  0%| F|  |TAMS 0x0000000785400000, 0x0000000785400000| Untracked 
|  85|0x0000000785500000, 0x0000000785500000, 0x0000000785600000|  0%| F|  |TAMS 0x0000000785500000, 0x0000000785500000| Untracked 
|  86|0x0000000785600000, 0x0000000785600000, 0x0000000785700000|  0%| F|  |TAMS 0x0000000785600000, 0x0000000785600000| Untracked 
|  87|0x0000000785700000, 0x0000000785700000, 0x0000000785800000|  0%| F|  |TAMS 0x0000000785700000, 0x0000000785700000| Untracked 
|  88|0x0000000785800000, 0x0000000785800000, 0x0000000785900000|  0%| F|  |TAMS 0x0000000785800000, 0x0000000785800000| Untracked 
|  89|0x0000000785900000, 0x0000000785900000, 0x0000000785a00000|  0%| F|  |TAMS 0x0000000785900000, 0x0000000785900000| Untracked 
|  90|0x0000000785a00000, 0x0000000785a00000, 0x0000000785b00000|  0%| F|  |TAMS 0x0000000785a00000, 0x0000000785a00000| Untracked 
|  91|0x0000000785b00000, 0x0000000785b00000, 0x0000000785c00000|  0%| F|  |TAMS 0x0000000785b00000, 0x0000000785b00000| Untracked 
|  92|0x0000000785c00000, 0x0000000785c00000, 0x0000000785d00000|  0%| F|  |TAMS 0x0000000785c00000, 0x0000000785c00000| Untracked 
|  93|0x0000000785d00000, 0x0000000785d00000, 0x0000000785e00000|  0%| F|  |TAMS 0x0000000785d00000, 0x0000000785d00000| Untracked 
|  94|0x0000000785e00000, 0x0000000785e00000, 0x0000000785f00000|  0%| F|  |TAMS 0x0000000785e00000, 0x0000000785e00000| Untracked 
|  95|0x0000000785f00000, 0x0000000785f00000, 0x0000000786000000|  0%| F|  |TAMS 0x0000000785f00000, 0x0000000785f00000| Untracked 
|  96|0x0000000786000000, 0x0000000786000000, 0x0000000786100000|  0%| F|  |TAMS 0x0000000786000000, 0x0000000786000000| Untracked 
|  97|0x0000000786100000, 0x0000000786100000, 0x0000000786200000|  0%| F|  |TAMS 0x0000000786100000, 0x0000000786100000| Untracked 
|  98|0x0000000786200000, 0x0000000786200000, 0x0000000786300000|  0%| F|  |TAMS 0x0000000786200000, 0x0000000786200000| Untracked 
|  99|0x0000000786300000, 0x0000000786300000, 0x0000000786400000|  0%| F|  |TAMS 0x0000000786300000, 0x0000000786300000| Untracked 
| 100|0x0000000786400000, 0x0000000786400000, 0x0000000786500000|  0%| F|  |TAMS 0x0000000786400000, 0x0000000786400000| Untracked 
| 101|0x0000000786500000, 0x0000000786500000, 0x0000000786600000|  0%| F|  |TAMS 0x0000000786500000, 0x0000000786500000| Untracked 
| 102|0x0000000786600000, 0x0000000786600000, 0x0000000786700000|  0%| F|  |TAMS 0x0000000786600000, 0x0000000786600000| Untracked 
| 103|0x0000000786700000, 0x0000000786700000, 0x0000000786800000|  0%| F|  |TAMS 0x0000000786700000, 0x0000000786700000| Untracked 
| 104|0x0000000786800000, 0x0000000786800000, 0x0000000786900000|  0%| F|  |TAMS 0x0000000786800000, 0x0000000786800000| Untracked 
| 105|0x0000000786900000, 0x0000000786900000, 0x0000000786a00000|  0%| F|  |TAMS 0x0000000786900000, 0x0000000786900000| Untracked 
| 106|0x0000000786a00000, 0x0000000786a00000, 0x0000000786b00000|  0%| F|  |TAMS 0x0000000786a00000, 0x0000000786a00000| Untracked 
| 107|0x0000000786b00000, 0x0000000786b00000, 0x0000000786c00000|  0%| F|  |TAMS 0x0000000786b00000, 0x0000000786b00000| Untracked 
| 108|0x0000000786c00000, 0x0000000786c00000, 0x0000000786d00000|  0%| F|  |TAMS 0x0000000786c00000, 0x0000000786c00000| Untracked 
| 109|0x0000000786d00000, 0x0000000786d00000, 0x0000000786e00000|  0%| F|  |TAMS 0x0000000786d00000, 0x0000000786d00000| Untracked 
| 110|0x0000000786e00000, 0x0000000786e00000, 0x0000000786f00000|  0%| F|  |TAMS 0x0000000786e00000, 0x0000000786e00000| Untracked 
| 111|0x0000000786f00000, 0x0000000786f00000, 0x0000000787000000|  0%| F|  |TAMS 0x0000000786f00000, 0x0000000786f00000| Untracked 
| 112|0x0000000787000000, 0x0000000787000000, 0x0000000787100000|  0%| F|  |TAMS 0x0000000787000000, 0x0000000787000000| Untracked 
| 113|0x0000000787100000, 0x0000000787100000, 0x0000000787200000|  0%| F|  |TAMS 0x0000000787100000, 0x0000000787100000| Untracked 
| 114|0x0000000787200000, 0x0000000787200000, 0x0000000787300000|  0%| F|  |TAMS 0x0000000787200000, 0x0000000787200000| Untracked 
| 115|0x0000000787300000, 0x0000000787300000, 0x0000000787400000|  0%| F|  |TAMS 0x0000000787300000, 0x0000000787300000| Untracked 
| 116|0x0000000787400000, 0x00000007874a5510, 0x0000000787500000| 64%| E|  |TAMS 0x0000000787400000, 0x0000000787400000| Complete 
| 117|0x0000000787500000, 0x0000000787600000, 0x0000000787600000|100%| E|CS|TAMS 0x0000000787500000, 0x0000000787500000| Complete 
| 118|0x0000000787600000, 0x0000000787700000, 0x0000000787700000|100%| E|CS|TAMS 0x0000000787600000, 0x0000000787600000| Complete 
| 119|0x0000000787700000, 0x0000000787800000, 0x0000000787800000|100%| E|CS|TAMS 0x0000000787700000, 0x0000000787700000| Complete 
| 120|0x0000000787800000, 0x0000000787900000, 0x0000000787900000|100%| E|CS|TAMS 0x0000000787800000, 0x0000000787800000| Complete 
| 121|0x0000000787900000, 0x0000000787a00000, 0x0000000787a00000|100%| E|CS|TAMS 0x0000000787900000, 0x0000000787900000| Complete 
| 122|0x0000000787a00000, 0x0000000787b00000, 0x0000000787b00000|100%| E|CS|TAMS 0x0000000787a00000, 0x0000000787a00000| Complete 
| 123|0x0000000787b00000, 0x0000000787c00000, 0x0000000787c00000|100%| E|CS|TAMS 0x0000000787b00000, 0x0000000787b00000| Complete 
| 124|0x0000000787c00000, 0x0000000787d00000, 0x0000000787d00000|100%| E|CS|TAMS 0x0000000787c00000, 0x0000000787c00000| Complete 
| 125|0x0000000787d00000, 0x0000000787e00000, 0x0000000787e00000|100%| E|CS|TAMS 0x0000000787d00000, 0x0000000787d00000| Complete 
| 126|0x0000000787e00000, 0x0000000787f00000, 0x0000000787f00000|100%| E|CS|TAMS 0x0000000787e00000, 0x0000000787e00000| Complete 
| 127|0x0000000787f00000, 0x0000000788000000, 0x0000000788000000|100%| E|CS|TAMS 0x0000000787f00000, 0x0000000787f00000| Complete 
|1022|0x00000007bfe00000, 0x00000007bfe51000, 0x00000007bff00000| 31%|OA|  |TAMS 0x00000007bfe00000, 0x00000007bfe00000| Untracked 
|1023|0x00000007bff00000, 0x00000007bff79000, 0x00000007c0000000| 47%|CA|  |TAMS 0x00000007bff00000, 0x00000007bff00000| Untracked 

Card table byte_map: [0x0000000123666000,0x0000000123a66000] _byte_map_base: 0x000000011fa66000

Marking Bits (Prev, Next): (CMBitMap*) 0x00007fdf5082fe10, (CMBitMap*) 0x00007fdf5082fe50
 Prev Bits: [0x0000000123e66000, 0x0000000125e66000)
 Next Bits: [0x0000000125e66000, 0x0000000127e66000)

Polling page: 0x000000010a01a000

Metaspace:

Usage:
  Non-class:      6.89 MB capacity,     4.69 MB ( 68%) used,     2.19 MB ( 32%) free+waste,     7.19 KB ( <1%) overhead. 
      Class:    555.00 KB capacity,   312.27 KB ( 56%) used,   240.05 KB ( 43%) free+waste,     2.69 KB ( <1%) overhead. 
       Both:      7.43 MB capacity,     5.00 MB ( 67%) used,     2.42 MB ( 33%) free+waste,     9.88 KB ( <1%) overhead. 

Virtual space:
  Non-class space:        8.00 MB reserved,       7.00 MB ( 88%) committed 
      Class space:        1.00 GB reserved,     640.00 KB ( <1%) committed 
             Both:        1.01 GB reserved,       7.62 MB ( <1%) committed 

Chunk freelists:
   Non-Class:  85.00 KB
       Class:  21.00 KB
        Both:  106.00 KB

MaxMetaspaceSize: 17179869184.00 GB
CompressedClassSpaceSize: 1.00 GB

CodeHeap 'non-profiled nmethods': size=120032Kb used=226Kb max_used=226Kb free=119805Kb
 bounds [0x000000011c12e000, 0x000000011c39e000, 0x0000000123666000]
CodeHeap 'profiled nmethods': size=120028Kb used=1136Kb max_used=1136Kb free=118892Kb
 bounds [0x0000000114bf7000, 0x0000000114e67000, 0x000000011c12e000]
CodeHeap 'non-nmethods': size=5700Kb used=1584Kb max_used=1597Kb free=4115Kb
 bounds [0x0000000114666000, 0x00000001148d6000, 0x0000000114bf7000]
 total_blobs=1729 nmethods=752 adapters=891
 compilation: enabled
              stopped_count=0, restarted_count=0
 full_count=0

Compilation events (20 events):
Event: 1.639 Thread 0x00007fdf4f80f200  743       3       jdk.internal.misc.Unsafe::checkPointer (19 bytes)
Event: 1.639 Thread 0x00007fdf4f80f200 nmethod 743 0x0000000114d0ed90 code [0x0000000114d0ef60, 0x0000000114d0f300]
Event: 1.640 Thread 0x00007fdf4f80f200  744   !   3       java.util.zip.Inflater::needsInput (55 bytes)
Event: 1.640 Thread 0x00007fdf4f80f200 nmethod 744 0x0000000114d0f490 code [0x0000000114d0f640, 0x0000000114d0f9f0]
Event: 1.640 Thread 0x00007fdf4f80f200  745       3       java.nio.channels.spi.AbstractInterruptibleChannel::isOpen (13 bytes)
Event: 1.640 Thread 0x00007fdf4f80f200 nmethod 745 0x0000000114d0fb10 code [0x0000000114d0fca0, 0x0000000114d0fdf0]
Event: 1.640 Thread 0x00007fdf4f80f200  746       3       sun.nio.ch.Util::isBufferTooLarge (15 bytes)
Event: 1.640 Thread 0x00007fdf4f80f200 nmethod 746 0x0000000114d0fe90 code [0x0000000114d10020, 0x0000000114d10170]
Event: 1.641 Thread 0x00007fdf4f80f200  747       1       java.nio.ByteBuffer::base (5 bytes)
Event: 1.641 Thread 0x00007fdf4f80f200 nmethod 747 0x000000011c166510 code [0x000000011c1666a0, 0x000000011c166750]
Event: 1.641 Thread 0x00007fdf4f80f200  748       1       java.nio.DirectByteBuffer::base (2 bytes)
Event: 1.641 Thread 0x00007fdf4f80f200 nmethod 748 0x000000011c166810 code [0x000000011c1669a0, 0x000000011c166a50]
Event: 1.641 Thread 0x00007fdf4f80f200  749   !   3       java.util.zip.ZipFile$ZipFileInputStream::read (135 bytes)
Event: 1.641 Thread 0x00007fdf4f80f200 nmethod 749 0x0000000114d10210 code [0x0000000114d10420, 0x0000000114d10a70]
Event: 1.641 Thread 0x00007fdf4f80f200  750       3       java.util.zip.ZipFile::ensureOpenOrZipException (19 bytes)
Event: 1.642 Thread 0x00007fdf4f80f200 nmethod 750 0x0000000114d10e10 code [0x0000000114d10fc0, 0x0000000114d11180]
Event: 1.923 Thread 0x00007fdf4f80f200  751       3       java.lang.String::<init> (10 bytes)
Event: 1.923 Thread 0x00007fdf4f80f200 nmethod 751 0x0000000114d11290 code [0x0000000114d11420, 0x0000000114d11560]
Event: 1.923 Thread 0x00007fdf4f80f200  752  s    3       jdk.internal.jimage.BasicImageReader::findLocation (115 bytes)
Event: 1.924 Thread 0x00007fdf4f80f200 nmethod 752 0x0000000114d11610 code [0x0000000114d11920, 0x0000000114d12a50]

GC Heap History (0 events):
No events

Deoptimization events (10 events):
Event: 0.171 Thread 0x00007fdf50009a00 Uncommon trap: trap_request=0xfffffff4 fr.pc=0x000000011c13a12c relative=0x00000000000001ac
Event: 0.171 Thread 0x00007fdf50009a00 Uncommon trap: reason=null_check action=make_not_entrant pc=0x000000011c13a12c method=java.lang.String.equals(Ljava/lang/Object;)Z @ 8 c2
Event: 0.171 Thread 0x00007fdf50009a00 DEOPT PACKING pc=0x000000011c13a12c sp=0x00007ffee5c2b500
Event: 0.171 Thread 0x00007fdf50009a00 DEOPT UNPACKING pc=0x00000001146b4125 sp=0x00007ffee5c2b4c8 mode 2
Event: 1.439 Thread 0x00007fdf50009a00 DEOPT PACKING pc=0x0000000114c39368 sp=0x00007ffee5c2b990
Event: 1.439 Thread 0x00007fdf50009a00 DEOPT UNPACKING pc=0x00000001146b3f2b sp=0x00007ffee5c2ae00 mode 0
Event: 1.585 Thread 0x00007fdf50009a00 Uncommon trap: trap_request=0xffffff54 fr.pc=0x000000011c15ff60 relative=0x0000000000000060
Event: 1.585 Thread 0x00007fdf50009a00 Uncommon trap: reason=speculate_null_assert action=make_not_entrant pc=0x000000011c15ff60 method=sun.misc.Unsafe.putLong(Ljava/lang/Object;JJ)V @ 7 c2
Event: 1.585 Thread 0x00007fdf50009a00 DEOPT PACKING pc=0x000000011c15ff60 sp=0x00007ffee5c2c480
Event: 1.585 Thread 0x00007fdf50009a00 DEOPT UNPACKING pc=0x00000001146b4125 sp=0x00007ffee5c2c418 mode 2

Classes unloaded (0 events):
No events

Classes redefined (0 events):
No events

Internal exceptions (18 events):
Event: 0.171 Thread 0x00007fdf50009a00 Implicit null exception at 0x000000011c139fb5 to 0x000000011c13a11c
Event: 0.206 Thread 0x00007fdf4f811600 Exception <a 'java/lang/NoSuchMethodError'{0x0000000787d48f88}: 'java.lang.Object java.lang.invoke.DirectMethodHandle$Holder.invokeStatic(java.lang.Object)'> (0x0000000787d48f88) 
thrown [src/hotspot/share/interpreter/linkResolver.cpp, line 782]
Event: 0.206 Thread 0x00007fdf4f811600 Exception <a 'java/lang/NoSuchMethodError'{0x0000000787d4c770}: 'java.lang.Object java.lang.invoke.DirectMethodHandle$Holder.invokeStaticInit(java.lang.Object)'> (0x0000000787d4c770) 
thrown [src/hotspot/share/interpreter/linkResolver.cpp, line 782]
Event: 0.222 Thread 0x00007fdf4f811600 Exception <a 'java/lang/NoSuchMethodError'{0x0000000787d5a6f0}: 'void java.lang.invoke.DirectMethodHandle$Holder.invokeStatic(java.lang.Object, java.lang.Object)'> (0x0000000787d5a6f0) 
thrown [src/hotspot/share/interpreter/linkResolver.cpp, line 782]
Event: 0.267 Thread 0x00007fdf50009a00 Exception <a 'java/lang/NoSuchMethodError'{0x0000000787cb0150}: 'void java.lang.invoke.DirectMethodHandle$Holder.invokeSpecial(java.lang.Object, java.lang.Object, java.lang.Object)'> (0x0000000787cb0150) 
thrown [src/hotspot/share/interpreter/linkResolver.cpp, line 782]
Event: 0.270 Thread 0x00007fdf50009a00 Exception <a 'java/lang/NoSuchMethodError'{0x0000000787cc3358}: 'java.lang.Object java.lang.invoke.DirectMethodHandle$Holder.invokeStatic(java.lang.Object, java.lang.Object, int)'> (0x0000000787cc3358) 
thrown [src/hotspot/share/interpreter/linkResolver.cpp, line 782]
Event: 0.274 Thread 0x00007fdf50009a00 Exception <a 'java/lang/NoSuchMethodError'{0x0000000787ccf420}: 'void java.lang.invoke.DelegatingMethodHandle$Holder.delegate(java.lang.Object, java.lang.Object, int, java.lang.Object)'> (0x0000000787ccf420) 
thrown [src/hotspot/share/interpreter/linkResolver.cpp, line 782]
Event: 0.274 Thread 0x00007fdf50009a00 Exception <a 'java/lang/NoSuchMethodError'{0x0000000787cd3570}: 'int java.lang.invoke.DirectMethodHandle$Holder.invokeSpecial(java.lang.Object, java.lang.Object, java.lang.Object)'> (0x0000000787cd3570) 
thrown [src/hotspot/share/interpreter/linkResolver.cpp, line 782]
Event: 0.292 Thread 0x00007fdf50009a00 Exception <a 'sun/nio/fs/UnixException'{0x0000000787b10d40}> (0x0000000787b10d40) 
thrown [src/hotspot/share/prims/jni.cpp, line 578]
Event: 0.329 Thread 0x00007fdf50009a00 Exception <a 'sun/nio/fs/UnixException'{0x0000000787bcde18}> (0x0000000787bcde18) 
thrown [src/hotspot/share/prims/jni.cpp, line 578]
Event: 0.824 Thread 0x00007fdf50009a00 Exception <a 'sun/nio/fs/UnixException'{0x0000000787a46658}> (0x0000000787a46658) 
thrown [src/hotspot/share/prims/jni.cpp, line 578]
Event: 1.427 Thread 0x00007fdf50009a00 Exception <a 'java/lang/NoSuchMethodError'{0x0000000787a6c828}: 'void java.lang.invoke.DirectMethodHandle$Holder.invokeStaticInit(java.lang.Object, long, double, double)'> (0x0000000787a6c828) 
thrown [src/hotspot/share/interpreter/linkResolver.cpp, line 782]
Event: 1.431 Thread 0x00007fdf50009a00 Exception <a 'java/lang/NoSuchMethodError'{0x0000000787a7c960}: 'void java.lang.invoke.DirectMethodHandle$Holder.invokeStaticInit(java.lang.Object, long, int, int, int)'> (0x0000000787a7c960) 
thrown [src/hotspot/share/interpreter/linkResolver.cpp, line 782]
Event: 1.436 Thread 0x00007fdf50009a00 Exception <a 'java/lang/NoSuchMethodError'{0x0000000787a96ac0}: 'void java.lang.invoke.DirectMethodHandle$Holder.invokeStaticInit(java.lang.Object, long, int, int, int, int)'> (0x0000000787a96ac0) 
thrown [src/hotspot/share/interpreter/linkResolver.cpp, line 782]
Event: 1.472 Thread 0x00007fdf50009a00 Exception <a 'sun/nio/fs/UnixException'{0x00000007879c0680}> (0x00000007879c0680) 
thrown [src/hotspot/share/prims/jni.cpp, line 578]
Event: 1.634 Thread 0x00007fdf50009a00 Exception <a 'sun/nio/fs/UnixException'{0x0000000787488ff0}> (0x0000000787488ff0) 
thrown [src/hotspot/share/prims/jni.cpp, line 578]
Event: 1.635 Thread 0x00007fdf50009a00 Exception <a 'sun/nio/fs/UnixException'{0x0000000787490070}> (0x0000000787490070) 
thrown [src/hotspot/share/prims/jni.cpp, line 578]
Event: 1.641 Thread 0x00007fdf50009a00 Exception <a 'sun/nio/fs/UnixException'{0x0000000787493038}> (0x0000000787493038) 
thrown [src/hotspot/share/prims/jni.cpp, line 578]

Events (20 events):
Event: 1.172 loading class sun/util/resources/cldr/TimeZoneNames_en_US
Event: 1.172 loading class sun/util/resources/cldr/TimeZoneNames_en_US done
Event: 1.173 loading class java/util/LinkedHashMap$LinkedKeySet
Event: 1.173 loading class java/util/LinkedHashMap$LinkedKeySet done
Event: 1.473 Loaded shared library /private/var/folders/h_/t1k_bc3s1k394333jn08yhdr0000gn/T/lwjglrichardhoyt/3.2.3-build-13/liblwjgl_opengl.dylib
Event: 1.520 Loaded shared library /private/var/folders/h_/t1k_bc3s1k394333jn08yhdr0000gn/T/lwjglrichardhoyt/3.2.3-build-13/liblwjgl.dylib
Event: 1.521 Loaded shared library /private/var/folders/h_/t1k_bc3s1k394333jn08yhdr0000gn/T/lwjglrichardhoyt/3.2.3-build-13/liblwjgl.dylib
Event: 1.521 Loaded shared library /private/var/folders/h_/t1k_bc3s1k394333jn08yhdr0000gn/T/lwjglrichardhoyt/3.2.3-build-13/liblwjgl.dylib
Event: 1.585 loading class jdk/internal/reflect/UnsafeQualifiedLongFieldAccessorImpl
Event: 1.585 loading class jdk/internal/reflect/UnsafeQualifiedFieldAccessorImpl
Event: 1.585 loading class jdk/internal/reflect/UnsafeQualifiedFieldAccessorImpl done
Event: 1.585 loading class jdk/internal/reflect/UnsafeQualifiedLongFieldAccessorImpl done
Event: 1.599 loading class java/io/Externalizable
Event: 1.599 loading class java/io/Externalizable done
Event: 1.600 Loaded shared library /Users/richardhoyt/Library/Java/JavaVirtualMachines/corretto-15.0.2/Contents/Home/lib/libverify.dylib
Event: 1.634 loading class java/nio/file/FileAlreadyExistsException
Event: 1.634 loading class java/nio/file/FileAlreadyExistsException done
Event: 1.635 loading class java/nio/file/StandardCopyOption
Event: 1.635 loading class java/nio/file/StandardCopyOption done
Event: 1.923 Loaded shared library /private/var/folders/h_/t1k_bc3s1k394333jn08yhdr0000gn/T/lwjglrichardhoyt/3.2.3-build-13/liblwjgl_stb.dylib


Dynamic libraries:
0x00007fff6e1b6000 	/usr/lib/libz.1.dylib
0x0000000109fe1000 	/Users/richardhoyt/Library/Java/JavaVirtualMachines/corretto-15.0.2/Contents/Home/lib/libjli.dylib
0x00007fff33d05000 	/System/Library/Frameworks/Cocoa.framework/Versions/A/Cocoa
0x00007fff414fa000 	/System/Library/Frameworks/Security.framework/Versions/A/Security
0x00007fff32c6a000 	/System/Library/Frameworks/ApplicationServices.framework/Versions/A/ApplicationServices
0x00007fff6bc7a000 	/usr/lib/libSystem.B.dylib
0x00007fff6ea77000 	/usr/lib/system/libcache.dylib
0x00007fff6ea7d000 	/usr/lib/system/libcommonCrypto.dylib
0x00007fff6ea89000 	/usr/lib/system/libcompiler_rt.dylib
0x00007fff6ea91000 	/usr/lib/system/libcopyfile.dylib
0x00007fff6ea9b000 	/usr/lib/system/libcorecrypto.dylib
0x00007fff6ec3a000 	/usr/lib/system/libdispatch.dylib
0x00007fff6ec7b000 	/usr/lib/system/libdyld.dylib
0x00007fff6ecb2000 	/usr/lib/system/libkeymgr.dylib
0x00007fff6ecc0000 	/usr/lib/system/liblaunch.dylib
0x00007fff6ecc1000 	/usr/lib/system/libmacho.dylib
0x00007fff6ecc7000 	/usr/lib/system/libquarantine.dylib
0x00007fff6ecca000 	/usr/lib/system/libremovefile.dylib
0x00007fff6eccc000 	/usr/lib/system/libsystem_asl.dylib
0x00007fff6ece4000 	/usr/lib/system/libsystem_blocks.dylib
0x00007fff6ece5000 	/usr/lib/system/libsystem_c.dylib
0x00007fff6ed6d000 	/usr/lib/system/libsystem_configuration.dylib
0x00007fff6ed71000 	/usr/lib/system/libsystem_coreservices.dylib
0x00007fff6ed75000 	/usr/lib/system/libsystem_darwin.dylib
0x00007fff6ed7e000 	/usr/lib/system/libsystem_dnssd.dylib
0x00007fff6ed86000 	/usr/lib/system/libsystem_featureflags.dylib
0x00007fff6ed88000 	/usr/lib/system/libsystem_info.dylib
0x00007fff6ee03000 	/usr/lib/system/libsystem_m.dylib
0x00007fff6ee4b000 	/usr/lib/system/libsystem_malloc.dylib
0x00007fff6ee73000 	/usr/lib/system/libsystem_networkextension.dylib
0x00007fff6ee81000 	/usr/lib/system/libsystem_notify.dylib
0x00007fff6ee9f000 	/usr/lib/system/libsystem_sandbox.dylib
0x00007fff6eea4000 	/usr/lib/system/libsystem_secinit.dylib
0x00007fff6edd6000 	/usr/lib/system/libsystem_kernel.dylib
0x00007fff6ee8b000 	/usr/lib/system/libsystem_platform.dylib
0x00007fff6ee94000 	/usr/lib/system/libsystem_pthread.dylib
0x00007fff6eea7000 	/usr/lib/system/libsystem_symptoms.dylib
0x00007fff6eeaf000 	/usr/lib/system/libsystem_trace.dylib
0x00007fff6eec7000 	/usr/lib/system/libunwind.dylib
0x00007fff6eecd000 	/usr/lib/system/libxpc.dylib
0x00007fff6dada000 	/usr/lib/libobjc.A.dylib
0x00007fff6bfb3000 	/usr/lib/libc++abi.dylib
0x00007fff6bf60000 	/usr/lib/libc++.1.dylib
0x00007fff34ba7000 	/System/Library/Frameworks/CoreFoundation.framework/Versions/A/CoreFoundation
0x00007fff37264000 	/System/Library/Frameworks/Foundation.framework/Versions/C/Foundation
0x00007fff31e5a000 	/System/Library/Frameworks/AppKit.framework/Versions/C/AppKit
0x00007fff34689000 	/System/Library/Frameworks/CoreData.framework/Versions/A/CoreData
0x00007fff65c90000 	/System/Library/PrivateFrameworks/UIFoundation.framework/Versions/A/UIFoundation
0x00007fff60d24000 	/System/Library/PrivateFrameworks/RemoteViewServices.framework/Versions/A/RemoteViewServices
0x00007fff687ea000 	/System/Library/PrivateFrameworks/XCTTargetBootstrap.framework/Versions/A/XCTTargetBootstrap
0x00007fff34a74000 	/System/Library/Frameworks/CoreDisplay.framework/Versions/A/CoreDisplay
0x00007fff3a11e000 	/System/Library/Frameworks/Metal.framework/Versions/A/Metal
0x00007fff4ed11000 	/System/Library/PrivateFrameworks/DesktopServicesPriv.framework/Versions/A/DesktopServicesPriv
0x00007fff6cdb5000 	/usr/lib/liblangid.dylib
0x00007fff4dfa6000 	/System/Library/PrivateFrameworks/CoreSVG.framework/Versions/A/CoreSVG
0x00007fff63e80000 	/System/Library/PrivateFrameworks/SkyLight.framework/Versions/A/SkyLight
0x00007fff35028000 	/System/Library/Frameworks/CoreGraphics.framework/Versions/A/CoreGraphics
0x00007fff3082e000 	/System/Library/Frameworks/Accelerate.framework/Versions/A/Accelerate
0x00007fff6e0a7000 	/usr/lib/libxml2.2.dylib
0x00007fff59caf000 	/System/Library/PrivateFrameworks/IconServices.framework/Versions/A/IconServices
0x00007fff37a43000 	/System/Library/Frameworks/IOSurface.framework/Versions/A/IOSurface
0x00007fff6b7a4000 	/usr/lib/libDiagnosticMessagesClient.dylib
0x00007fff4eb6b000 	/System/Library/PrivateFrameworks/DFRFoundation.framework/Versions/A/DFRFoundation
0x00007fff6cb44000 	/usr/lib/libicucore.A.dylib
0x00007fff32f9c000 	/System/Library/Frameworks/AudioToolbox.framework/Versions/A/AudioToolbox
0x00007fff3307f000 	/System/Library/Frameworks/AudioUnit.framework/Versions/A/AudioUnit
0x00007fff6be7c000 	/usr/lib/libauto.dylib
0x00007fff4ec0d000 	/System/Library/PrivateFrameworks/DataDetectorsCore.framework/Versions/A/DataDetectorsCore
0x00007fff33826000 	/System/Library/Frameworks/Carbon.framework/Versions/A/Frameworks/HIToolbox.framework/Versions/A/HIToolbox
0x00007fff406f6000 	/System/Library/Frameworks/QuartzCore.framework/Versions/A/QuartzCore
0x00007fff33b65000 	/System/Library/Frameworks/Carbon.framework/Versions/A/Frameworks/SpeechRecognition.framework/Versions/A/SpeechRecognition
0x00007fff4e67f000 	/System/Library/PrivateFrameworks/CoreUI.framework/Versions/A/CoreUI
0x00007fff340f4000 	/System/Library/Frameworks/CoreAudio.framework/Versions/A/CoreAudio
0x00007fff36f23000 	/System/Library/Frameworks/DiskArbitration.framework/Versions/A/DiskArbitration
0x00007fff5bcff000 	/System/Library/PrivateFrameworks/MultitouchSupport.framework/Versions/A/MultitouchSupport
0x00007fff6ca0b000 	/usr/lib/libenergytrace.dylib
0x00007fff3799d000 	/System/Library/Frameworks/IOKit.framework/Versions/A/IOKit
0x00007fff35f8f000 	/System/Library/Frameworks/CoreServices.framework/Versions/A/CoreServices
0x00007fff5deb7000 	/System/Library/PrivateFrameworks/PerformanceAnalysis.framework/Versions/A/PerformanceAnalysis
0x00007fff3f729000 	/System/Library/Frameworks/OpenGL.framework/Versions/A/OpenGL
0x00007fff33d13000 	/System/Library/Frameworks/ColorSync.framework/Versions/A/ColorSync
0x00007fff356ab000 	/System/Library/Frameworks/CoreImage.framework/Versions/A/CoreImage
0x00007fff36a02000 	/System/Library/Frameworks/CoreText.framework/Versions/A/CoreText
0x00007fff37ad3000 	/System/Library/Frameworks/ImageIO.framework/Versions/A/ImageIO
0x00007fff6bfdc000 	/usr/lib/libcompression.dylib
0x00007fff6bae8000 	/usr/lib/libMobileGestalt.dylib
0x00007fff659fa000 	/System/Library/PrivateFrameworks/TextureIO.framework/Versions/A/TextureIO
0x00007fff6bddf000 	/usr/lib/libate.dylib
0x00007fff59eb8000 	/System/Library/PrivateFrameworks/InternationalSupport.framework/Versions/A/InternationalSupport
0x00007fff6cdb7000 	/usr/lib/liblzma.5.dylib
0x00007fff6ca32000 	/usr/lib/libfakelink.dylib
0x00007fff6bd6c000 	/usr/lib/libarchive.2.dylib
0x00007fff425ab000 	/System/Library/Frameworks/SystemConfiguration.framework/Versions/A/SystemConfiguration
0x00007fff6b6d7000 	/usr/lib/libCRFSuite.dylib
0x00007fff33416000 	/System/Library/Frameworks/CFNetwork.framework/Versions/A/CFNetwork
0x00007fff6bf42000 	/usr/lib/libbsm.0.dylib
0x00007fff6ecb3000 	/usr/lib/system/libkxld.dylib
0x00007fff484e8000 	/System/Library/PrivateFrameworks/AppleFSCompression.framework/Versions/A/AppleFSCompression
0x00007fff6c2cd000 	/usr/lib/libcoretls.dylib
0x00007fff6c2e4000 	/usr/lib/libcoretls_cfhelpers.dylib
0x00007fff6db20000 	/usr/lib/libpam.2.dylib
0x00007fff6dc55000 	/usr/lib/libsqlite3.dylib
0x00007fff6e094000 	/usr/lib/libxar.1.dylib
0x00007fff6bf53000 	/usr/lib/libbz2.1.0.dylib
0x00007fff6ca53000 	/usr/lib/libiconv.2.dylib
0x00007fff6bfc9000 	/usr/lib/libcharset.1.dylib
0x00007fff6d5bd000 	/usr/lib/libnetwork.dylib
0x00007fff6db27000 	/usr/lib/libpcap.A.dylib
0x00007fff6bd21000 	/usr/lib/libapple_nghttp2.dylib
0x00007fff36346000 	/System/Library/Frameworks/CoreServices.framework/Versions/A/Frameworks/FSEvents.framework/Versions/A/FSEvents
0x00007fff36016000 	/System/Library/Frameworks/CoreServices.framework/Versions/A/Frameworks/CarbonCore.framework/Versions/A/CarbonCore
0x00007fff3658a000 	/System/Library/Frameworks/CoreServices.framework/Versions/A/Frameworks/Metadata.framework/Versions/A/Metadata
0x00007fff36623000 	/System/Library/Frameworks/CoreServices.framework/Versions/A/Frameworks/OSServices.framework/Versions/A/OSServices
0x00007fff36651000 	/System/Library/Frameworks/CoreServices.framework/Versions/A/Frameworks/SearchKit.framework/Versions/A/SearchKit
0x00007fff35f90000 	/System/Library/Frameworks/CoreServices.framework/Versions/A/Frameworks/AE.framework/Versions/A/AE
0x00007fff3634f000 	/System/Library/Frameworks/CoreServices.framework/Versions/A/Frameworks/LaunchServices.framework/Versions/A/LaunchServices
0x00007fff362f8000 	/System/Library/Frameworks/CoreServices.framework/Versions/A/Frameworks/DictionaryServices.framework/Versions/A/DictionaryServices
0x00007fff366b9000 	/System/Library/Frameworks/CoreServices.framework/Versions/A/Frameworks/SharedFileList.framework/Versions/A/SharedFileList
0x00007fff3b548000 	/System/Library/Frameworks/NetFS.framework/Versions/A/NetFS
0x00007fff5c22f000 	/System/Library/PrivateFrameworks/NetAuth.framework/Versions/A/NetAuth
0x00007fff68bb7000 	/System/Library/PrivateFrameworks/login.framework/Versions/A/Frameworks/loginsupport.framework/Versions/A/loginsupport
0x00007fff654c5000 	/System/Library/PrivateFrameworks/TCC.framework/Versions/A/TCC
0x00007fff4d119000 	/System/Library/PrivateFrameworks/CoreNLP.framework/Versions/A/CoreNLP
0x00007fff5b72c000 	/System/Library/PrivateFrameworks/MetadataUtilities.framework/Versions/A/MetadataUtilities
0x00007fff6ce8f000 	/usr/lib/libmecabra.dylib
0x00007fff6cde7000 	/usr/lib/libmecab.dylib
0x00007fff6ca43000 	/usr/lib/libgermantok.dylib
0x00007fff6bd08000 	/usr/lib/libThaiTokenizer.dylib
0x00007fff6b70e000 	/usr/lib/libChineseTokenizer.dylib
0x00007fff30846000 	/System/Library/Frameworks/Accelerate.framework/Versions/A/Frameworks/vImage.framework/Versions/A/vImage
0x00007fff31cb0000 	/System/Library/Frameworks/Accelerate.framework/Versions/A/Frameworks/vecLib.framework/Versions/A/vecLib
0x00007fff31bed000 	/System/Library/Frameworks/Accelerate.framework/Versions/A/Frameworks/vecLib.framework/Versions/A/libvMisc.dylib
0x00007fff31a15000 	/System/Library/Frameworks/Accelerate.framework/Versions/A/Frameworks/vecLib.framework/Versions/A/libvDSP.dylib
0x00007fff30e9d000 	/System/Library/Frameworks/Accelerate.framework/Versions/A/Frameworks/vecLib.framework/Versions/A/libBLAS.dylib
0x00007fff315d9000 	/System/Library/Frameworks/Accelerate.framework/Versions/A/Frameworks/vecLib.framework/Versions/A/libLAPACK.dylib
0x00007fff31975000 	/System/Library/Frameworks/Accelerate.framework/Versions/A/Frameworks/vecLib.framework/Versions/A/libLinearAlgebra.dylib
0x00007fff31a02000 	/System/Library/Frameworks/Accelerate.framework/Versions/A/Frameworks/vecLib.framework/Versions/A/libSparseBLAS.dylib
0x00007fff3198b000 	/System/Library/Frameworks/Accelerate.framework/Versions/A/Frameworks/vecLib.framework/Versions/A/libQuadrature.dylib
0x00007fff31105000 	/System/Library/Frameworks/Accelerate.framework/Versions/A/Frameworks/vecLib.framework/Versions/A/libBNNS.dylib
0x00007fff31991000 	/System/Library/Frameworks/Accelerate.framework/Versions/A/Frameworks/vecLib.framework/Versions/A/libSparse.dylib
0x00007fff5a2a0000 	/System/Library/PrivateFrameworks/LanguageModeling.framework/Versions/A/LanguageModeling
0x00007fff4cac9000 	/System/Library/PrivateFrameworks/CoreEmoji.framework/Versions/A/CoreEmoji
0x00007fff5a3be000 	/System/Library/PrivateFrameworks/LinguisticData.framework/Versions/A/LinguisticData
0x00007fff5a36f000 	/System/Library/PrivateFrameworks/Lexicon.framework/Versions/A/Lexicon
0x00007fff6bfca000 	/usr/lib/libcmph.dylib
0x00007fff3e137000 	/System/Library/Frameworks/OpenDirectory.framework/Versions/A/Frameworks/CFOpenDirectory.framework/Versions/A/CFOpenDirectory
0x00007fff3e154000 	/System/Library/Frameworks/OpenDirectory.framework/Versions/A/OpenDirectory
0x00007fff46595000 	/System/Library/PrivateFrameworks/APFS.framework/Versions/A/APFS
0x00007fff41844000 	/System/Library/Frameworks/SecurityFoundation.framework/Versions/A/SecurityFoundation
0x00007fff6e090000 	/usr/lib/libutil.dylib
0x00007fff4dffe000 	/System/Library/PrivateFrameworks/CoreServicesStore.framework/Versions/A/CoreServicesStore
0x00007fff418fb000 	/System/Library/Frameworks/ServiceManagement.framework/Versions/A/ServiceManagement
0x00007fff49cb8000 	/System/Library/PrivateFrameworks/BackgroundTaskManagement.framework/Versions/A/BackgroundTaskManagement
0x00007fff6e18d000 	/usr/lib/libxslt.1.dylib
0x00007fff48b5b000 	/System/Library/PrivateFrameworks/AppleSystemInfo.framework/Versions/A/AppleSystemInfo
0x00007fff37cee000 	/System/Library/Frameworks/ImageIO.framework/Versions/A/Resources/libJPEG.dylib
0x00007fff37fac000 	/System/Library/Frameworks/ImageIO.framework/Versions/A/Resources/libTIFF.dylib
0x00007fff37f8f000 	/System/Library/Frameworks/ImageIO.framework/Versions/A/Resources/libPng.dylib
0x00007fff37c30000 	/System/Library/Frameworks/ImageIO.framework/Versions/A/Resources/libGIF.dylib
0x00007fff37c34000 	/System/Library/Frameworks/ImageIO.framework/Versions/A/Resources/libJP2.dylib
0x00007fff37faa000 	/System/Library/Frameworks/ImageIO.framework/Versions/A/Resources/libRadiance.dylib
0x00007fff6ca0c000 	/usr/lib/libexpat.1.dylib
0x00007fff48643000 	/System/Library/PrivateFrameworks/AppleJPEG.framework/Versions/A/AppleJPEG
0x00007fff51314000 	/System/Library/PrivateFrameworks/FontServices.framework/libFontParser.dylib
0x00007fff67bb9000 	/System/Library/PrivateFrameworks/WatchdogClient.framework/Versions/A/WatchdogClient
0x00007fff598fb000 	/System/Library/PrivateFrameworks/IOAccelerator.framework/Versions/A/IOAccelerator
0x00007fff3a4b9000 	/System/Library/Frameworks/MetalPerformanceShaders.framework/Versions/A/MetalPerformanceShaders
0x00007fff56091000 	/System/Library/PrivateFrameworks/GPUWrangler.framework/Versions/A/GPUWrangler
0x00007fff59910000 	/System/Library/PrivateFrameworks/IOPresentment.framework/Versions/A/IOPresentment
0x00007fff4eb7e000 	/System/Library/PrivateFrameworks/DSExternalDisplay.framework/Versions/A/DSExternalDisplay
0x00007fff3eac8000 	/System/Library/Frameworks/OpenGL.framework/Versions/A/Libraries/libCoreFSCache.dylib
0x00007fff3a205000 	/System/Library/Frameworks/MetalPerformanceShaders.framework/Frameworks/MPSCore.framework/Versions/A/MPSCore
0x00007fff3a243000 	/System/Library/Frameworks/MetalPerformanceShaders.framework/Frameworks/MPSImage.framework/Versions/A/MPSImage
0x00007fff3a30a000 	/System/Library/Frameworks/MetalPerformanceShaders.framework/Frameworks/MPSNeuralNetwork.framework/Versions/A/MPSNeuralNetwork
0x00007fff3a2ce000 	/System/Library/Frameworks/MetalPerformanceShaders.framework/Frameworks/MPSMatrix.framework/Versions/A/MPSMatrix
0x00007fff3a469000 	/System/Library/Frameworks/MetalPerformanceShaders.framework/Frameworks/MPSRayIntersector.framework/Versions/A/MPSRayIntersector
0x00007fff3a2f4000 	/System/Library/Frameworks/MetalPerformanceShaders.framework/Frameworks/MPSNDArray.framework/Versions/A/MPSNDArray
0x00007fff5b779000 	/System/Library/PrivateFrameworks/MetalTools.framework/Versions/A/MetalTools
0x00007fff4776f000 	/System/Library/PrivateFrameworks/AggregateDictionary.framework/Versions/A/AggregateDictionary
0x00007fff4c511000 	/System/Library/PrivateFrameworks/CoreAnalytics.framework/Versions/A/CoreAnalytics
0x00007fff48a7a000 	/System/Library/PrivateFrameworks/AppleSauce.framework/Versions/A/AppleSauce
0x00007fff6b9ca000 	/usr/lib/libIOReport.dylib
0x00007fff36bba000 	/System/Library/Frameworks/CoreVideo.framework/Versions/A/CoreVideo
0x00007fff5750a000 	/System/Library/PrivateFrameworks/GraphVisualizer.framework/Versions/A/GraphVisualizer
0x00007fff5085a000 	/System/Library/PrivateFrameworks/FaceCore.framework/Versions/A/FaceCore
0x00007fff3e0de000 	/System/Library/Frameworks/OpenCL.framework/Versions/A/OpenCL
0x00007fff6b7ec000 	/usr/lib/libFosl_dynamic.dylib
0x00007fff5cc4f000 	/System/Library/PrivateFrameworks/OTSVG.framework/Versions/A/OTSVG
0x00007fff32d6f000 	/System/Library/Frameworks/ApplicationServices.framework/Versions/A/Frameworks/ATS.framework/Versions/A/Resources/libFontRegistry.dylib
0x00007fff514e5000 	/System/Library/PrivateFrameworks/FontServices.framework/libhvf.dylib
0x00007fff3ead3000 	/System/Library/Frameworks/OpenGL.framework/Versions/A/Libraries/libGFXShared.dylib
0x00007fff3ecb1000 	/System/Library/Frameworks/OpenGL.framework/Versions/A/Libraries/libGLU.dylib
0x00007fff3eadc000 	/System/Library/Frameworks/OpenGL.framework/Versions/A/Libraries/libGL.dylib
0x00007fff3eae7000 	/System/Library/Frameworks/OpenGL.framework/Versions/A/Libraries/libGLImage.dylib
0x00007fff3eac5000 	/System/Library/Frameworks/OpenGL.framework/Versions/A/Libraries/libCVMSPluginSupport.dylib
0x00007fff3eace000 	/System/Library/Frameworks/OpenGL.framework/Versions/A/Libraries/libCoreVMClient.dylib
0x00007fff6d45e000 	/usr/lib/libncurses.5.4.dylib
0x00007fff32c6b000 	/System/Library/Frameworks/ApplicationServices.framework/Versions/A/Frameworks/ATS.framework/Versions/A/ATS
0x00007fff32e38000 	/System/Library/Frameworks/ApplicationServices.framework/Versions/A/Frameworks/ColorSyncLegacy.framework/Versions/A/ColorSyncLegacy
0x00007fff32ed6000 	/System/Library/Frameworks/ApplicationServices.framework/Versions/A/Frameworks/HIServices.framework/Versions/A/HIServices
0x00007fff32f2e000 	/System/Library/Frameworks/ApplicationServices.framework/Versions/A/Frameworks/LangAnalysis.framework/Versions/A/LangAnalysis
0x00007fff32f3d000 	/System/Library/Frameworks/ApplicationServices.framework/Versions/A/Frameworks/PrintCore.framework/Versions/A/PrintCore
0x00007fff32f83000 	/System/Library/Frameworks/ApplicationServices.framework/Versions/A/Frameworks/QD.framework/Versions/A/QD
0x00007fff32f8e000 	/System/Library/Frameworks/ApplicationServices.framework/Versions/A/Frameworks/SpeechSynthesis.framework/Versions/A/SpeechSynthesis
0x00007fff32e08000 	/System/Library/Frameworks/ApplicationServices.framework/Versions/A/Frameworks/ATSUI.framework/Versions/A/ATSUI
0x00007fff6c8a2000 	/usr/lib/libcups.2.dylib
0x00007fff39554000 	/System/Library/Frameworks/Kerberos.framework/Versions/A/Kerberos
0x00007fff37696000 	/System/Library/Frameworks/GSS.framework/Versions/A/GSS
0x00007fff6dbe1000 	/usr/lib/libresolv.9.dylib
0x00007fff576b7000 	/System/Library/PrivateFrameworks/Heimdal.framework/Versions/A/Heimdal
0x00007fff39567000 	/System/Library/Frameworks/Kerberos.framework/Versions/A/Libraries/libHeimdalProxy.dylib
0x00007fff6ca49000 	/usr/lib/libheimdal-asn1.dylib
0x00007fff4b9a9000 	/System/Library/PrivateFrameworks/CommonAuth.framework/Versions/A/CommonAuth
0x00007fff48bf8000 	/System/Library/PrivateFrameworks/AssertionServices.framework/Versions/A/AssertionServices
0x00007fff4979b000 	/System/Library/PrivateFrameworks/AudioToolboxCore.framework/Versions/A/AudioToolboxCore
0x00007fff68867000 	/System/Library/PrivateFrameworks/caulk.framework/Versions/A/caulk
0x00007fff49d64000 	/System/Library/PrivateFrameworks/BaseBoard.framework/Versions/A/BaseBoard
0x00007fff60eb2000 	/System/Library/PrivateFrameworks/RunningBoardServices.framework/Versions/A/RunningBoardServices
0x00007fff5dec3000 	/System/Library/PrivateFrameworks/PersistentConnection.framework/Versions/A/PersistentConnection
0x00007fff608ab000 	/System/Library/PrivateFrameworks/ProtocolBuffer.framework/Versions/A/ProtocolBuffer
0x00007fff4b9cd000 	/System/Library/PrivateFrameworks/CommonUtilities.framework/Versions/A/CommonUtilities
0x00007fff49ef2000 	/System/Library/PrivateFrameworks/Bom.framework/Versions/A/Bom
0x00007fff6b69d000 	/usr/lib/libAudioToolboxUtility.dylib
0x00007fff49cc2000 	/System/Library/PrivateFrameworks/Backup.framework/Versions/A/Backup
0x00007fff4ea9f000 	/System/Library/PrivateFrameworks/CrashReporterSupport.framework/Versions/A/CrashReporterSupport
0x00007fff62944000 	/System/Library/PrivateFrameworks/Sharing.framework/Versions/A/Sharing
0x00007fff48206000 	/System/Library/PrivateFrameworks/Apple80211.framework/Versions/A/Apple80211
0x00007fff499df000 	/System/Library/PrivateFrameworks/AuthKit.framework/Versions/A/AuthKit
0x00007fff4e7ac000 	/System/Library/PrivateFrameworks/CoreUtils.framework/Versions/A/CoreUtils
0x00007fff36bff000 	/System/Library/Frameworks/CoreWLAN.framework/Versions/A/CoreWLAN
0x00007fff37823000 	/System/Library/Frameworks/IOBluetooth.framework/Versions/A/IOBluetooth
0x00007fff5ba7e000 	/System/Library/PrivateFrameworks/MobileKeyBag.framework/Versions/A/MobileKeyBag
0x00007fff4d5b1000 	/System/Library/PrivateFrameworks/CorePhoneNumbers.framework/Versions/A/CorePhoneNumbers
0x00007fff485f6000 	/System/Library/PrivateFrameworks/AppleIDAuthSupport.framework/Versions/A/AppleIDAuthSupport
0x00007fff3b555000 	/System/Library/Frameworks/Network.framework/Versions/A/Network
0x00007fff5a14c000 	/System/Library/PrivateFrameworks/KeychainCircle.framework/Versions/A/KeychainCircle
0x00007fff34650000 	/System/Library/Frameworks/CoreBluetooth.framework/Versions/A/CoreBluetooth
0x00007fff649c3000 	/System/Library/PrivateFrameworks/SpeechRecognitionCore.framework/Versions/A/SpeechRecognitionCore
0x000000010b200000 	/Users/richardhoyt/Library/Java/JavaVirtualMachines/corretto-15.0.2/Contents/Home/lib/server/libjvm.dylib
0x000000010a00a000 	/Users/richardhoyt/Library/Java/JavaVirtualMachines/corretto-15.0.2/Contents/Home/lib/libjimage.dylib
0x000000010a01c000 	/Users/richardhoyt/Library/Java/JavaVirtualMachines/corretto-15.0.2/Contents/Home/lib/libinstrument.dylib
0x000000010a030000 	/Users/richardhoyt/Library/Java/JavaVirtualMachines/corretto-15.0.2/Contents/Home/lib/libjava.dylib
0x000000010a6de000 	/Users/richardhoyt/Library/Java/JavaVirtualMachines/corretto-15.0.2/Contents/Home/lib/libzip.dylib
0x000000010a6f2000 	/Users/richardhoyt/Library/Java/JavaVirtualMachines/corretto-15.0.2/Contents/Home/lib/libnio.dylib
0x000000010a70a000 	/Users/richardhoyt/Library/Java/JavaVirtualMachines/corretto-15.0.2/Contents/Home/lib/libnet.dylib
0x000000010a72a000 	/Users/richardhoyt/Library/Java/JavaVirtualMachines/corretto-15.0.2/Contents/Home/lib/libextnet.dylib
0x000000010a73a000 	/private/var/folders/h_/t1k_bc3s1k394333jn08yhdr0000gn/T/lwjglrichardhoyt/3.2.3-build-13/liblwjgl.dylib
0x000000010a763000 	/private/var/folders/h_/t1k_bc3s1k394333jn08yhdr0000gn/T/lwjglrichardhoyt/3.2.3-build-13/libglfw.dylib
0x00007fff4dfca000 	/System/Library/PrivateFrameworks/CoreServicesInternal.framework/Versions/A/CoreServicesInternal
0x00007fff3711e000 	/System/Library/Frameworks/FileProvider.framework/Versions/A/FileProvider
0x00007fff31cb1000 	/System/Library/Frameworks/Accounts.framework/Versions/A/Accounts
0x00007fff563b6000 	/System/Library/PrivateFrameworks/GenerationalStorage.framework/Versions/A/GenerationalStorage
0x00007fff4e551000 	/System/Library/PrivateFrameworks/CoreSymbolication.framework/Versions/A/CoreSymbolication
0x00007fff65205000 	/System/Library/PrivateFrameworks/SymptomDiagnosticReporter.framework/Versions/A/SymptomDiagnosticReporter
0x00007fff47d0a000 	/System/Library/PrivateFrameworks/AppContainer.framework/Versions/A/AppContainer
0x00007fff6dbfb000 	/usr/lib/libsandbox.1.dylib
0x00007fff66b5d000 	/System/Library/PrivateFrameworks/UserManagement.framework/Versions/A/UserManagement
0x00007fff4aaae000 	/System/Library/PrivateFrameworks/ChunkingLibrary.framework/Versions/A/ChunkingLibrary
0x00007fff4ecd3000 	/System/Library/PrivateFrameworks/DebugSymbols.framework/Versions/A/DebugSymbols
0x00007fff47d7c000 	/System/Library/PrivateFrameworks/AppSandbox.framework/Versions/A/AppSandbox
0x00007fff627ce000 	/System/Library/PrivateFrameworks/SecCodeWrapper.framework/Versions/A/SecCodeWrapper
0x00007fff6bab2000 	/usr/lib/libMatch.1.dylib
0x00007fff3082f000 	/System/Library/Frameworks/Accelerate.framework/Versions/A/Frameworks/vImage.framework/Versions/A/Libraries/libCGInterfaces.dylib
0x00007fff5144c000 	/System/Library/PrivateFrameworks/FontServices.framework/libTrueTypeScaler.dylib
0x00007fff2d5a7000 	/System/Library/Extensions/AppleIntelKBLGraphicsMTLDriver.bundle/Contents/MacOS/AppleIntelKBLGraphicsMTLDriver
0x00007fff549d6000 	/System/Library/PrivateFrameworks/GPUCompiler.framework/Versions/3902/Libraries/libmetal_timestamp.dylib
0x00007fff67929000 	/System/Library/PrivateFrameworks/ViewBridge.framework/Versions/A/ViewBridge
0x000000012e4ef000 	/usr/lib/libobjc-trampolines.dylib
0x00007fff68bba000 	/System/Library/PrivateFrameworks/login.framework/Versions/A/login
0x00007fff3f739000 	/System/Library/Frameworks/OpenGL.framework/Versions/A/Resources/GLEngine.bundle/GLEngine
0x00007fff3eb1c000 	/System/Library/Frameworks/OpenGL.framework/Versions/A/Libraries/libGLProgrammability.dylib
0x00007fff2c59f000 	/System/Library/Extensions/AppleIntelKBLGraphicsGLDriver.bundle/Contents/MacOS/AppleIntelKBLGraphicsGLDriver
0x00007fff56085000 	/System/Library/PrivateFrameworks/GPUSupport.framework/Versions/A/Libraries/libGPUSupportMercury.dylib
0x00007fff3f8b3000 	/System/Library/Frameworks/OpenGL.framework/Versions/A/Resources/GLRendererFloat.bundle/GLRendererFloat
0x00007fff3e0d5000 	/System/Library/Frameworks/OpenCL.framework/Versions/A/Libraries/libcldcpuengine.dylib
0x00000001328de000 	/private/var/folders/h_/t1k_bc3s1k394333jn08yhdr0000gn/T/lwjglrichardhoyt/3.2.3-build-13/liblwjgl_opengl.dylib
0x0000000132904000 	/Users/richardhoyt/Library/Java/JavaVirtualMachines/corretto-15.0.2/Contents/Home/lib/libverify.dylib
0x0000000132990000 	/private/var/folders/h_/t1k_bc3s1k394333jn08yhdr0000gn/T/lwjglrichardhoyt/3.2.3-build-13/liblwjgl_stb.dylib


VM Arguments:
jvm_args: -ea -javaagent:/Applications/IntelliJ IDEA CE.app/Contents/lib/idea_rt.jar=60142:/Applications/IntelliJ IDEA CE.app/Contents/bin -Dfile.encoding=UTF-8 
java_command: Main -XstartOnFirstThread
java_class_path (initial): /Users/richardhoyt/Desktop/java_mario/out/production/classes:/Users/richardhoyt/.gradle/caches/modules-2/files-2.1/org.lwjgl/lwjgl-assimp/3.2.3/f62aa07a20afbdd3097efc296c4841e0d29700eb/lwjgl-assimp-3.2.3.jar:/Users/richardhoyt/.gradle/caches/modules-2/files-2.1/org.lwjgl/lwjgl-glfw/3.2.3/5e520d5c290c8b012545a8d34fa5db5ab051ea53/lwjgl-glfw-3.2.3.jar:/Users/richardhoyt/.gradle/caches/modules-2/files-2.1/org.lwjgl/lwjgl-nfd/3.2.3/c44fee1043c022cf6614a28872d44cf114ca7737/lwjgl-nfd-3.2.3.jar:/Users/richardhoyt/.gradle/caches/modules-2/files-2.1/org.lwjgl/lwjgl-openal/3.2.3/106742e805803ab9eab8e343f0fb31a3d263903c/lwjgl-openal-3.2.3.jar:/Users/richardhoyt/.gradle/caches/modules-2/files-2.1/org.lwjgl/lwjgl-opengl/3.2.3/bdd534a323d0c8f54969b95e424b6ac8984f7d6e/lwjgl-opengl-3.2.3.jar:/Users/richardhoyt/.gradle/caches/modules-2/files-2.1/org.lwjgl/lwjgl-stb/3.2.3/40eccaa4fa86fc815f2e17946a392fb5fdcc286a/lwjgl-stb-3.2.3.jar:/Users/richardhoyt/.gradle/caches/modules-2/files-2.1/org.lwjgl/lwjgl/3.2.3/17a59ba0fe8d474ec9dbe0d5db40d2cfe59c4c08/lwjgl-3.2.3.jar:/Users/richardhoyt/.gradle/caches/modules-2/files-2.1/org.joml/joml/1.10.3/492cd01b61c3b17bb7cabe943d85402e7a1a4c39/joml-1.10.3.jar:/Users/richardhoyt/.gradle/caches/modules-2/files-2.1/org.lwjgl/lwjgl-assimp/3.2.3/6efe40673c59667d5eb759c5a77e53e0f5abdb31/lwjgl-assimp-3.2.3-natives-macos.jar:/Users/richardhoyt/.gradle/caches/modules-2/files-2.1/org.lwjgl/lwjgl-glfw/3.2.3/58661272eacb9116336c88b4aadccf1f17c09b/lwjgl-glfw-3.2.3-natives-macos.jar:/Users/richardhoyt/.gradle/caches/modules-2/files-2.1/org.lwjgl/lwjgl-nfd/3.2.3/11b7592bbe7e2eb584c59285e75e88cb1ce2b08a/lwjgl-nfd-3.2.3-natives-macos.jar:/Users/richardhoyt/.gradle/caches/modules-2/files-2.1/org.lwjgl/lwjgl-openal/3.2.3/67ddd2a090589dfe6c4659d7f8b125b43f7b822b/lwjgl-openal-3.2.3-natives-macos.jar:/Users/richardhoyt/.gradle/caches/modules-2/files-2.1/org.lwjgl/lwjgl-opengl/3.2.3/efa3326c11336d3e74c9c8aeceb2420328d28e6b/lwjgl-opengl-3.2.3-nati
Launcher Type: SUN_STANDARD

[Global flags]
     intx CICompilerCount                          = 3                                         {product} {ergonomic}
     uint ConcGCThreads                            = 1                                         {product} {ergonomic}
     uint G1ConcRefinementThreads                  = 4                                         {product} {ergonomic}
   size_t G1HeapRegionSize                         = 1048576                                   {product} {ergonomic}
    uintx GCDrainStackTargetSize                   = 64                                        {product} {ergonomic}
   size_t InitialHeapSize                          = 134217728                                 {product} {ergonomic}
   size_t MarkStackSize                            = 4194304                                   {product} {ergonomic}
   size_t MaxHeapSize                              = 2147483648                                {product} {ergonomic}
   size_t MaxNewSize                               = 1287651328                                {product} {ergonomic}
   size_t MinHeapDeltaBytes                        = 1048576                                   {product} {ergonomic}
   size_t MinHeapSize                              = 8388608                                   {product} {ergonomic}
    uintx NonNMethodCodeHeapSize                   = 5832780                                {pd product} {ergonomic}
    uintx NonProfiledCodeHeapSize                  = 122912730                              {pd product} {ergonomic}
    uintx ProfiledCodeHeapSize                     = 122912730                              {pd product} {ergonomic}
    uintx ReservedCodeCacheSize                    = 251658240                              {pd product} {ergonomic}
     bool SegmentedCodeCache                       = true                                      {product} {ergonomic}
   size_t SoftMaxHeapSize                          = 2147483648                             {manageable} {ergonomic}
     bool UseCompressedClassPointers               = true                                 {lp64_product} {ergonomic}
     bool UseCompressedOops                        = true                                 {lp64_product} {ergonomic}
     bool UseG1GC                                  = true                                      {product} {ergonomic}
     bool UseNUMA                                  = false                                     {product} {ergonomic}
     bool UseNUMAInterleaving                      = false                                     {product} {ergonomic}

Logging:
Log output configuration:
 #0: stdout all=warning uptime,level,tags
 #1: stderr all=off uptime,level,tags

Environment Variables:
PATH=/Users/richardhoyt/.rbenv/shims:/Users/richardhoyt/.rbenv/bin:/usr/local/bin:/usr/bin:/bin:/usr/sbin:/sbin:/Library/Apple/usr/bin
SHELL=/bin/zsh
LC_CTYPE=en_US.UTF-8

Signal Handlers:
SIGSEGV: [libjvm.dylib+0xa6d760], sa_mask[0]=11111111011111110111111111111111, sa_flags=SA_ONSTACK|SA_RESTART|SA_SIGINFO
SIGBUS: [libjvm.dylib+0xa6d760], sa_mask[0]=11111111011111110111111111111111, sa_flags=SA_RESTART|SA_SIGINFO
SIGFPE: [libjvm.dylib+0xa6d760], sa_mask[0]=11111111011111110111111111111111, sa_flags=SA_RESTART|SA_SIGINFO
SIGPIPE: [libjvm.dylib+0x82d4c0], sa_mask[0]=11111111011111110111111111111111, sa_flags=SA_RESTART|SA_SIGINFO
SIGXFSZ: [libjvm.dylib+0x82d4c0], sa_mask[0]=11111111011111110111111111111111, sa_flags=SA_RESTART|SA_SIGINFO
SIGILL: [libjvm.dylib+0xa6d760], sa_mask[0]=11111111011111110111111111111111, sa_flags=SA_RESTART|SA_SIGINFO
SIGUSR2: [libjvm.dylib+0x82df60], sa_mask[0]=00100000000000000000000000000000, sa_flags=SA_RESTART|SA_SIGINFO
SIGHUP: [libjvm.dylib+0x82c6c0], sa_mask[0]=11111111011111110111111111111111, sa_flags=SA_RESTART|SA_SIGINFO
SIGINT: [libjvm.dylib+0x82c6c0], sa_mask[0]=11111111011111110111111111111111, sa_flags=SA_RESTART|SA_SIGINFO
SIGTERM: [libjvm.dylib+0x82c6c0], sa_mask[0]=11111111011111110111111111111111, sa_flags=SA_RESTART|SA_SIGINFO
SIGQUIT: [libjvm.dylib+0x82c6c0], sa_mask[0]=11111111011111110111111111111111, sa_flags=SA_RESTART|SA_SIGINFO


---------------  S Y S T E M  ---------------

OS:uname: Darwin 19.6.0 Darwin Kernel Version 19.6.0: Thu Jun 18 20:49:00 PDT 2020; root:xnu-6153.141.1~1/RELEASE_X86_64 x86_64
OS uptime: 147 days 19:42 hours
rlimit (soft/hard): STACK 8192k/65532k , CORE 0k/infinity , NPROC 1392/2088 , NOFILE 10240/infinity , AS infinity/infinity , CPU infinity/infinity , DATA infinity/infinity , FSIZE infinity/infinity , MEMLOCK infinity/infinity , RSS infinity/infinity
load average: 1.77 2.41 2.46

CPU: total 4 (initial active 4) (2 cores per cpu, 2 threads per core) family 6 model 142 stepping 9 microcode 0xd6, cmov, cx8, fxsr, mmx, sse, sse2, sse3, ssse3, sse4.1, sse4.2, popcnt, vzeroupper, avx, avx2, aes, clmul, erms, rtm, 3dnowpref, lzcnt, ht, tsc, tscinvbit, bmi1, bmi2, adx, fma, clflush, clflushopt

Memory: 4k page, physical 8388608k(209072k free), swap 8388608k(1019392k free)

vm_info: OpenJDK 64-Bit Server VM (15.0.2+7) for bsd-amd64 JRE (15.0.2+7), built on Jan 20 2021 14:15:49 by "jenkins" with clang Apple LLVM 12.0.0 (clang-1200.0.32.28)

END.
